<?xml version="1.0"?>
<suiteResults>
  <FitNesseVersion>v20221219</FitNesseVersion>
  <rootPath>FitNesseForAppian.Examples.POC_Legal_Entity_Onboarding.ScenarioBasedValidations</rootPath>
  <executionLog>
    <testSystem>slim:fitnesse.slim.SlimService</testSystem>
    <command>java -Dlog4j.configuration=file:///C:\FitNesse/log4j.properties -cp C:\FitNesse\lib\accessors-smart-2.4.9.jar;C:\FitNesse\lib\asm-9.3.jar;C:\FitNesse\lib\async-http-client-2.12.3.jar;C:\FitNesse\lib\async-http-client-netty-utils-2.12.3.jar;C:\FitNesse\lib\auto-common-1.2.jar;C:\FitNesse\lib\auto-service-1.0.1.jar;C:\FitNesse\lib\auto-service-annotations-1.0.1.jar;C:\FitNesse\lib\byte-buddy-1.14.2.jar;C:\FitNesse\lib\checker-qual-3.12.0.jar;C:\FitNesse\lib\commons-codec-1.15.jar;C:\FitNesse\lib\commons-exec-1.3.jar;C:\FitNesse\lib\commons-io-2.11.0.jar;C:\FitNesse\lib\commons-lang3-3.12.0.jar;C:\FitNesse\lib\commons-text-1.10.0.jar;C:\FitNesse\lib\diffutils-1.3.0.jar;C:\FitNesse\lib\error_prone_annotations-2.11.0.jar;C:\FitNesse\lib\failsafe-3.3.1.jar;C:\FitNesse\lib\failureaccess-1.0.1.jar;C:\FitNesse\lib\fitnesse-20221219-standalone.jar;C:\FitNesse\lib\google-analytics-java-2.0.0.jar;C:\FitNesse\lib\gson-2.10.1.jar;C:\FitNesse\lib\guava-31.1-jre.jar;C:\FitNesse\lib\htmllexer-2.1.jar;C:\FitNesse\lib\htmlparser-2.1.jar;C:\FitNesse\lib\httpclient-4.5.13.jar;C:\FitNesse\lib\httpcore-4.4.13.jar;C:\FitNesse\lib\j2objc-annotations-1.3.jar;C:\FitNesse\lib\jackson-annotations-2.14.2.jar;C:\FitNesse\lib\jackson-core-2.14.2.jar;C:\FitNesse\lib\jackson-databind-2.14.2.jar;C:\FitNesse\lib\jakarta.activation-1.2.2.jar;C:\FitNesse\lib\jcl-over-slf4j-1.7.25.jar;C:\FitNesse\lib\jcommander-1.82.jar;C:\FitNesse\lib\json-20230227.jar;C:\FitNesse\lib\json-path-2.8.0.jar;C:\FitNesse\lib\json-smart-2.4.10.jar;C:\FitNesse\lib\jsr305-3.0.2.jar;C:\FitNesse\lib\jtoml-2.0.0.jar;C:\FitNesse\lib\listenablefuture-9999.0-empty-to-avoid-conflict-with-guava.jar;C:\FitNesse\lib\log4j-api-2.20.0.jar;C:\FitNesse\lib\log4j-core-2.20.0.jar;C:\FitNesse\lib\netty-buffer-4.1.90.Final.jar;C:\FitNesse\lib\netty-codec-4.1.90.Final.jar;C:\FitNesse\lib\netty-codec-http-4.1.90.Final.jar;C:\FitNesse\lib\netty-codec-socks-4.1.90.Final.jar;C:\FitNesse\lib\netty-common-4.1.90.Final.jar;C:\FitNesse\lib\netty-handler-4.1.90.Final.jar;C:\FitNesse\lib\netty-handler-proxy-4.1.90.Final.jar;C:\FitNesse\lib\netty-reactive-streams-2.0.4.jar;C:\FitNesse\lib\netty-resolver-4.1.90.Final.jar;C:\FitNesse\lib\netty-transport-4.1.90.Final.jar;C:\FitNesse\lib\netty-transport-classes-epoll-4.1.90.Final.jar;C:\FitNesse\lib\netty-transport-classes-kqueue-4.1.90.Final.jar;C:\FitNesse\lib\netty-transport-native-epoll-4.1.90.Final-linux-x86_64.jar;C:\FitNesse\lib\netty-transport-native-epoll-4.1.90.Final.jar;C:\FitNesse\lib\netty-transport-native-kqueue-4.1.90.Final-osx-x86_64.jar;C:\FitNesse\lib\netty-transport-native-kqueue-4.1.90.Final.jar;C:\FitNesse\lib\netty-transport-native-unix-common-4.1.90.Final.jar;C:\FitNesse\lib\opentelemetry-api-1.24.0.jar;C:\FitNesse\lib\opentelemetry-api-events-1.24.0-alpha.jar;C:\FitNesse\lib\opentelemetry-api-logs-1.24.0-alpha.jar;C:\FitNesse\lib\opentelemetry-context-1.24.0.jar;C:\FitNesse\lib\opentelemetry-exporter-logging-1.24.0.jar;C:\FitNesse\lib\opentelemetry-sdk-1.24.0.jar;C:\FitNesse\lib\opentelemetry-sdk-common-1.24.0.jar;C:\FitNesse\lib\opentelemetry-sdk-extension-autoconfigure-1.24.0-alpha.jar;C:\FitNesse\lib\opentelemetry-sdk-extension-autoconfigure-spi-1.24.0.jar;C:\FitNesse\lib\opentelemetry-sdk-logs-1.24.0-alpha.jar;C:\FitNesse\lib\opentelemetry-sdk-metrics-1.24.0.jar;C:\FitNesse\lib\opentelemetry-sdk-trace-1.24.0.jar;C:\FitNesse\lib\opentelemetry-semconv-1.24.0-alpha.jar;C:\FitNesse\lib\reactive-streams-1.0.3.jar;C:\FitNesse\lib\selenium-api-4.8.2.jar;C:\FitNesse\lib\selenium-chrome-driver-4.8.2.jar;C:\FitNesse\lib\selenium-chromium-driver-4.8.2.jar;C:\FitNesse\lib\selenium-devtools-v109-4.8.2.jar;C:\FitNesse\lib\selenium-devtools-v110-4.8.2.jar;C:\FitNesse\lib\selenium-devtools-v111-4.8.2.jar;C:\FitNesse\lib\selenium-devtools-v85-4.8.2.jar;C:\FitNesse\lib\selenium-edge-driver-4.8.2.jar;C:\FitNesse\lib\selenium-firefox-driver-4.8.2.jar;C:\FitNesse\lib\selenium-http-4.8.2.jar;C:\FitNesse\lib\selenium-ie-driver-4.8.2.jar;C:\FitNesse\lib\selenium-java-4.8.2.jar;C:\FitNesse\lib\selenium-json-4.8.2.jar;C:\FitNesse\lib\selenium-manager-4.8.2.jar;C:\FitNesse\lib\selenium-remote-driver-4.8.2.jar;C:\FitNesse\lib\selenium-safari-driver-4.8.2.jar;C:\FitNesse\lib\selenium-support-4.8.2.jar;C:\FitNesse\lib\slf4j-api-1.7.36.jar;C:\FitNesse\lib\slf4j-jdk14-1.7.36.jar;C:\FitNesse\lib\velocity-engine-core-2.3.jar;C:\FitNesse\lib\appian\appian-selenium-api-23.2.1.jar;C:\FitNesse\lib\appian\appian-selenium-api-23.2.jar;C:\FitNesse\lib\fitnesse-20221219-standalone.jar fitnesse.slim.SlimService 1</command>
    <exitCode>1</exitCode>
    <stdOut>12:20:47.079 [main] ERROR com.appiancorp.ps.automatedtest.exception.ExceptionBuilder - Site Page - Records
org.openqa.selenium.ElementClickInterceptedException: element click intercepted: Element &lt;a tabindex="0" aria-current="page" data-testid="navigationMenuTab-link" class="VirtualNavigationMenuTab_MERCURY---nav_tab_clickable_container elements---global_a" href="https://appiancoe.vuram.com/suite/sites/a-legal-entity-onboarding/page/legal-entities"&gt;...&lt;/a&gt; is not clickable at point (206, 30). Other element would receive the click: &lt;div class="ModalDialogManager---modal_backdrop"&gt;&lt;/div&gt;
  (Session info: chrome=114.0.5735.199)
Build info: version: '4.8.2', revision: '826dbfc730'
System info: os.name: 'Windows 10', os.arch: 'amd64', os.version: '10.0', java.version: '1.8.0_202'
Driver info: org.openqa.selenium.chrome.ChromeDriver
Command: [0fc465a5ce1c7edf94c67f2d3f06cf15, clickElement {id=AEBADE79B67A044764568DE6B0AE6016_element_45}]
Capabilities {acceptInsecureCerts: false, browserName: chrome, browserVersion: 114.0.5735.199, chrome: {chromedriverVersion: 114.0.5735.90 (386bc09e8f4f..., userDataDir: C:\Users\u429558\AppData\Lo...}, goog:chromeOptions: {debuggerAddress: localhost:56704}, networkConnectionEnabled: false, pageLoadStrategy: normal, platformName: WINDOWS, proxy: Proxy(), se:cdp: ws://localhost:56704/devtoo..., se:cdpVersion: 114.0.5735.199, setWindowRect: true, strictFileInteractability: false, timeouts: {implicit: 0, pageLoad: 300000, script: 30000}, unhandledPromptBehavior: dismiss and notify, webauthn:extension:credBlob: true, webauthn:extension:largeBlob: true, webauthn:extension:minPinLength: true, webauthn:extension:prf: true, webauthn:virtualAuthenticators: true}
Element: [[ChromeDriver: chrome on WINDOWS (0fc465a5ce1c7edf94c67f2d3f06cf15)] -&gt; xpath: //li[contains(translate(@title,'ABCDEFGHIJKLMNOPQRSTUVWXYZ','abcdefghijklmnopqrstuvwxyz'), 'records') and ancestor::nav[not(contains(@class, 'hidden'))]]/descendant::a]
Session ID: 0fc465a5ce1c7edf94c67f2d3f06cf15
	at sun.reflect.NativeConstructorAccessorImpl.newInstance0(Native Method) ~[?:1.8.0_202]
	at sun.reflect.NativeConstructorAccessorImpl.newInstance(NativeConstructorAccessorImpl.java:62) ~[?:1.8.0_202]
	at sun.reflect.DelegatingConstructorAccessorImpl.newInstance(DelegatingConstructorAccessorImpl.java:45) ~[?:1.8.0_202]
	at java.lang.reflect.Constructor.newInstance(Constructor.java:423) ~[?:1.8.0_202]
	at org.openqa.selenium.remote.codec.w3c.W3CHttpResponseCodec.createException(W3CHttpResponseCodec.java:200) ~[selenium-remote-driver-4.8.2.jar:?]
	at org.openqa.selenium.remote.codec.w3c.W3CHttpResponseCodec.decode(W3CHttpResponseCodec.java:133) ~[selenium-remote-driver-4.8.2.jar:?]
	at org.openqa.selenium.remote.codec.w3c.W3CHttpResponseCodec.decode(W3CHttpResponseCodec.java:53) ~[selenium-remote-driver-4.8.2.jar:?]
	at org.openqa.selenium.remote.HttpCommandExecutor.execute(HttpCommandExecutor.java:193) ~[selenium-remote-driver-4.8.2.jar:?]
	at org.openqa.selenium.remote.service.DriverCommandExecutor.invokeExecute(DriverCommandExecutor.java:183) ~[selenium-remote-driver-4.8.2.jar:?]
	at org.openqa.selenium.remote.service.DriverCommandExecutor.execute(DriverCommandExecutor.java:158) ~[selenium-remote-driver-4.8.2.jar:?]
	at org.openqa.selenium.remote.RemoteWebDriver.execute(RemoteWebDriver.java:543) ~[selenium-remote-driver-4.8.2.jar:?]
	at org.openqa.selenium.remote.RemoteWebElement.execute(RemoteWebElement.java:257) ~[selenium-remote-driver-4.8.2.jar:?]
	at org.openqa.selenium.remote.RemoteWebElement.click(RemoteWebElement.java:78) ~[selenium-remote-driver-4.8.2.jar:?]
	at com.appiancorp.ps.automatedtest.common.AppianObject.clickElement(AppianObject.java:367) ~[appian-selenium-api-23.2.1.jar:?]
	at com.appiancorp.ps.automatedtest.common.AppianObject.clickElement(AppianObject.java:362) ~[appian-selenium-api-23.2.1.jar:?]
	at com.appiancorp.ps.automatedtest.site.SitePage.click(SitePage.java:54) [appian-selenium-api-23.2.1.jar:?]
	at com.appiancorp.ps.automatedtest.fixture.SitesFixture.clickOnSitePage(SitesFixture.java:50) [appian-selenium-api-23.2.1.jar:?]
	at sun.reflect.NativeMethodAccessorImpl.invoke0(Native Method) ~[?:1.8.0_202]
	at sun.reflect.NativeMethodAccessorImpl.invoke(NativeMethodAccessorImpl.java:62) ~[?:1.8.0_202]
	at sun.reflect.DelegatingMethodAccessorImpl.invoke(DelegatingMethodAccessorImpl.java:43) ~[?:1.8.0_202]
	at java.lang.reflect.Method.invoke(Method.java:498) ~[?:1.8.0_202]
	at fitnesse.slim.fixtureInteraction.SimpleInteraction.methodInvoke(SimpleInteraction.java:322) [fitnesse-20221219-standalone.jar:20221219]
	at fitnesse.slim.fixtureInteraction.SimpleInteraction.callMethod(SimpleInteraction.java:307) [fitnesse-20221219-standalone.jar:20221219]
	at fitnesse.slim.fixtureInteraction.SimpleInteraction.invokeMethod(SimpleInteraction.java:290) [fitnesse-20221219-standalone.jar:20221219]
	at fitnesse.slim.fixtureInteraction.SimpleInteraction.findAndInvoke(SimpleInteraction.java:217) [fitnesse-20221219-standalone.jar:20221219]
	at fitnesse.slim.MethodExecutor.findAndInvoke(MethodExecutor.java:18) [fitnesse-20221219-standalone.jar:20221219]
	at fitnesse.slim.FixtureMethodExecutor.execute(FixtureMethodExecutor.java:18) [fitnesse-20221219-standalone.jar:20221219]
	at fitnesse.slim.StatementExecutor.getMethodExecutionResult(StatementExecutor.java:139) [fitnesse-20221219-standalone.jar:20221219]
	at fitnesse.slim.StatementExecutor.call(StatementExecutor.java:112) [fitnesse-20221219-standalone.jar:20221219]
	at fitnesse.slim.instructions.CallAndOptionalAssignInstruction.executeInternal(CallAndOptionalAssignInstruction.java:30) [fitnesse-20221219-standalone.jar:20221219]
	at fitnesse.slim.instructions.Instruction.execute(Instruction.java:29) [fitnesse-20221219-standalone.jar:20221219]
	at fitnesse.slim.ListExecutor$Executive.executeStatement(ListExecutor.java:49) [fitnesse-20221219-standalone.jar:20221219]
	at fitnesse.slim.ListExecutor$Executive.executeStatements(ListExecutor.java:43) [fitnesse-20221219-standalone.jar:20221219]
	at fitnesse.slim.ListExecutor.execute(ListExecutor.java:85) [fitnesse-20221219-standalone.jar:20221219]
	at fitnesse.slim.SlimServer.executeInstructions(SlimServer.java:84) [fitnesse-20221219-standalone.jar:20221219]
	at fitnesse.slim.SlimServer.processOneSetOfInstructions(SlimServer.java:77) [fitnesse-20221219-standalone.jar:20221219]
	at fitnesse.slim.SlimServer.tryProcessInstructions(SlimServer.java:64) [fitnesse-20221219-standalone.jar:20221219]
	at fitnesse.slim.SlimServer.serve(SlimServer.java:49) [fitnesse-20221219-standalone.jar:20221219]
	at fitnesse.slim.SlimService.handle(SlimService.java:169) [fitnesse-20221219-standalone.jar:20221219]
	at fitnesse.slim.SlimService.acceptOne(SlimService.java:177) [fitnesse-20221219-standalone.jar:20221219]
	at fitnesse.slim.SlimService.accept(SlimService.java:139) [fitnesse-20221219-standalone.jar:20221219]
	at fitnesse.slim.SlimService.startWithFactory(SlimService.java:92) [fitnesse-20221219-standalone.jar:20221219]
	at fitnesse.slim.SlimService.main(SlimService.java:57) [fitnesse-20221219-standalone.jar:20221219]

12:20:48.278 [main] ERROR com.appiancorp.ps.automatedtest.exception.ExceptionBuilder - Click Button - Initiate Legal Entity Onboarding
org.openqa.selenium.ElementClickInterceptedException: element click intercepted: Element &lt;button type="button" class="Button---btn Button---default_direction Button---primary Button---small appian-context-first-in-list appian-context-last-in-list Button---inSideBySide Button---icon_start"&gt;...&lt;/button&gt; is not clickable at point (164, 94). Other element would receive the click: &lt;h1 class="TitleText---page_header"&gt;...&lt;/h1&gt;
  (Session info: chrome=114.0.5735.199)
Build info: version: '4.8.2', revision: '826dbfc730'
System info: os.name: 'Windows 10', os.arch: 'amd64', os.version: '10.0', java.version: '1.8.0_202'
Driver info: org.openqa.selenium.chrome.ChromeDriver
Command: [0fc465a5ce1c7edf94c67f2d3f06cf15, clickElement {id=AEBADE79B67A044764568DE6B0AE6016_element_54}]
Capabilities {acceptInsecureCerts: false, browserName: chrome, browserVersion: 114.0.5735.199, chrome: {chromedriverVersion: 114.0.5735.90 (386bc09e8f4f..., userDataDir: C:\Users\u429558\AppData\Lo...}, goog:chromeOptions: {debuggerAddress: localhost:56704}, networkConnectionEnabled: false, pageLoadStrategy: normal, platformName: WINDOWS, proxy: Proxy(), se:cdp: ws://localhost:56704/devtoo..., se:cdpVersion: 114.0.5735.199, setWindowRect: true, strictFileInteractability: false, timeouts: {implicit: 0, pageLoad: 300000, script: 30000}, unhandledPromptBehavior: dismiss and notify, webauthn:extension:credBlob: true, webauthn:extension:largeBlob: true, webauthn:extension:minPinLength: true, webauthn:extension:prf: true, webauthn:virtualAuthenticators: true}
Element: [[ChromeDriver: chrome on WINDOWS (0fc465a5ce1c7edf94c67f2d3f06cf15)] -&gt; xpath: //button[descendant::span[descendant::span[contains(translate(text(),'ABCDEFGHIJKLMNOPQRSTUVWXYZ','abcdefghijklmnopqrstuvwxyz'),'initiate legal entity onboarding')]] and not(contains(@class, 'button-disabled'))]]
Session ID: 0fc465a5ce1c7edf94c67f2d3f06cf15
	at sun.reflect.NativeConstructorAccessorImpl.newInstance0(Native Method) ~[?:1.8.0_202]
	at sun.reflect.NativeConstructorAccessorImpl.newInstance(NativeConstructorAccessorImpl.java:62) ~[?:1.8.0_202]
	at sun.reflect.DelegatingConstructorAccessorImpl.newInstance(DelegatingConstructorAccessorImpl.java:45) ~[?:1.8.0_202]
	at java.lang.reflect.Constructor.newInstance(Constructor.java:423) ~[?:1.8.0_202]
	at org.openqa.selenium.remote.codec.w3c.W3CHttpResponseCodec.createException(W3CHttpResponseCodec.java:200) ~[selenium-remote-driver-4.8.2.jar:?]
	at org.openqa.selenium.remote.codec.w3c.W3CHttpResponseCodec.decode(W3CHttpResponseCodec.java:133) ~[selenium-remote-driver-4.8.2.jar:?]
	at org.openqa.selenium.remote.codec.w3c.W3CHttpResponseCodec.decode(W3CHttpResponseCodec.java:53) ~[selenium-remote-driver-4.8.2.jar:?]
	at org.openqa.selenium.remote.HttpCommandExecutor.execute(HttpCommandExecutor.java:193) ~[selenium-remote-driver-4.8.2.jar:?]
	at org.openqa.selenium.remote.service.DriverCommandExecutor.invokeExecute(DriverCommandExecutor.java:183) ~[selenium-remote-driver-4.8.2.jar:?]
	at org.openqa.selenium.remote.service.DriverCommandExecutor.execute(DriverCommandExecutor.java:158) ~[selenium-remote-driver-4.8.2.jar:?]
	at org.openqa.selenium.remote.RemoteWebDriver.execute(RemoteWebDriver.java:543) ~[selenium-remote-driver-4.8.2.jar:?]
	at org.openqa.selenium.remote.RemoteWebElement.execute(RemoteWebElement.java:257) ~[selenium-remote-driver-4.8.2.jar:?]
	at org.openqa.selenium.remote.RemoteWebElement.click(RemoteWebElement.java:78) ~[selenium-remote-driver-4.8.2.jar:?]
	at com.appiancorp.ps.automatedtest.common.AppianObject.clickElement(AppianObject.java:367) ~[appian-selenium-api-23.2.1.jar:?]
	at com.appiancorp.ps.automatedtest.tempo.interfaces.TempoButton.click(TempoButton.java:109) [appian-selenium-api-23.2.1.jar:?]
	at com.appiancorp.ps.automatedtest.fixture.TempoFixture.clickOnButton(TempoFixture.java:2450) [appian-selenium-api-23.2.1.jar:?]
	at sun.reflect.NativeMethodAccessorImpl.invoke0(Native Method) ~[?:1.8.0_202]
	at sun.reflect.NativeMethodAccessorImpl.invoke(NativeMethodAccessorImpl.java:62) ~[?:1.8.0_202]
	at sun.reflect.DelegatingMethodAccessorImpl.invoke(DelegatingMethodAccessorImpl.java:43) ~[?:1.8.0_202]
	at java.lang.reflect.Method.invoke(Method.java:498) ~[?:1.8.0_202]
	at fitnesse.slim.fixtureInteraction.SimpleInteraction.methodInvoke(SimpleInteraction.java:322) [fitnesse-20221219-standalone.jar:20221219]
	at fitnesse.slim.fixtureInteraction.SimpleInteraction.callMethod(SimpleInteraction.java:307) [fitnesse-20221219-standalone.jar:20221219]
	at fitnesse.slim.fixtureInteraction.SimpleInteraction.invokeMethod(SimpleInteraction.java:290) [fitnesse-20221219-standalone.jar:20221219]
	at fitnesse.slim.fixtureInteraction.SimpleInteraction.findAndInvoke(SimpleInteraction.java:217) [fitnesse-20221219-standalone.jar:20221219]
	at fitnesse.slim.MethodExecutor.findAndInvoke(MethodExecutor.java:18) [fitnesse-20221219-standalone.jar:20221219]
	at fitnesse.slim.FixtureMethodExecutor.execute(FixtureMethodExecutor.java:18) [fitnesse-20221219-standalone.jar:20221219]
	at fitnesse.slim.StatementExecutor.getMethodExecutionResult(StatementExecutor.java:139) [fitnesse-20221219-standalone.jar:20221219]
	at fitnesse.slim.StatementExecutor.call(StatementExecutor.java:112) [fitnesse-20221219-standalone.jar:20221219]
	at fitnesse.slim.instructions.CallAndOptionalAssignInstruction.executeInternal(CallAndOptionalAssignInstruction.java:30) [fitnesse-20221219-standalone.jar:20221219]
	at fitnesse.slim.instructions.Instruction.execute(Instruction.java:29) [fitnesse-20221219-standalone.jar:20221219]
	at fitnesse.slim.ListExecutor$Executive.executeStatement(ListExecutor.java:49) [fitnesse-20221219-standalone.jar:20221219]
	at fitnesse.slim.ListExecutor$Executive.executeStatements(ListExecutor.java:43) [fitnesse-20221219-standalone.jar:20221219]
	at fitnesse.slim.ListExecutor.execute(ListExecutor.java:85) [fitnesse-20221219-standalone.jar:20221219]
	at fitnesse.slim.SlimServer.executeInstructions(SlimServer.java:84) [fitnesse-20221219-standalone.jar:20221219]
	at fitnesse.slim.SlimServer.processOneSetOfInstructions(SlimServer.java:77) [fitnesse-20221219-standalone.jar:20221219]
	at fitnesse.slim.SlimServer.tryProcessInstructions(SlimServer.java:64) [fitnesse-20221219-standalone.jar:20221219]
	at fitnesse.slim.SlimServer.serve(SlimServer.java:49) [fitnesse-20221219-standalone.jar:20221219]
	at fitnesse.slim.SlimService.handle(SlimService.java:169) [fitnesse-20221219-standalone.jar:20221219]
	at fitnesse.slim.SlimService.acceptOne(SlimService.java:177) [fitnesse-20221219-standalone.jar:20221219]
	at fitnesse.slim.SlimService.accept(SlimService.java:139) [fitnesse-20221219-standalone.jar:20221219]
	at fitnesse.slim.SlimService.startWithFactory(SlimService.java:92) [fitnesse-20221219-standalone.jar:20221219]
	at fitnesse.slim.SlimService.main(SlimService.java:57) [fitnesse-20221219-standalone.jar:20221219]

12:20:52.009 [main] ERROR com.appiancorp.ps.automatedtest.exception.ExceptionBuilder - Wait for Button - New
org.openqa.selenium.UnhandledAlertException: unexpected alert open: {Alert text : }
  (Session info: chrome=114.0.5735.199): {Alert text : 
Build info: version: '4.8.2', revision: '826dbfc730'
System info: os.name: 'Windows 10', os.arch: 'amd64', os.version: '10.0', java.version: '1.8.0_202'
Driver info: org.openqa.selenium.chrome.ChromeDriver
Command: [0fc465a5ce1c7edf94c67f2d3f06cf15, findElement {using=xpath, value=//button[descendant::span[descendant::span[contains(translate(text(),'ABCDEFGHIJKLMNOPQRSTUVWXYZ','abcdefghijklmnopqrstuvwxyz'),'new')]] and not(contains(@class, 'button-disabled'))]}]
Capabilities {acceptInsecureCerts: false, browserName: chrome, browserVersion: 114.0.5735.199, chrome: {chromedriverVersion: 114.0.5735.90 (386bc09e8f4f..., userDataDir: C:\Users\u429558\AppData\Lo...}, goog:chromeOptions: {debuggerAddress: localhost:56704}, networkConnectionEnabled: false, pageLoadStrategy: normal, platformName: WINDOWS, proxy: Proxy(), se:cdp: ws://localhost:56704/devtoo..., se:cdpVersion: 114.0.5735.199, setWindowRect: true, strictFileInteractability: false, timeouts: {implicit: 0, pageLoad: 300000, script: 30000}, unhandledPromptBehavior: dismiss and notify, webauthn:extension:credBlob: true, webauthn:extension:largeBlob: true, webauthn:extension:minPinLength: true, webauthn:extension:prf: true, webauthn:virtualAuthenticators: true}
Session ID: 0fc465a5ce1c7edf94c67f2d3f06cf15
	at org.openqa.selenium.remote.codec.w3c.W3CHttpResponseCodec.decode(W3CHttpResponseCodec.java:131) ~[selenium-remote-driver-4.8.2.jar:?]
	at org.openqa.selenium.remote.codec.w3c.W3CHttpResponseCodec.decode(W3CHttpResponseCodec.java:53) ~[selenium-remote-driver-4.8.2.jar:?]
	at org.openqa.selenium.remote.HttpCommandExecutor.execute(HttpCommandExecutor.java:193) ~[selenium-remote-driver-4.8.2.jar:?]
	at org.openqa.selenium.remote.service.DriverCommandExecutor.invokeExecute(DriverCommandExecutor.java:183) ~[selenium-remote-driver-4.8.2.jar:?]
	at org.openqa.selenium.remote.service.DriverCommandExecutor.execute(DriverCommandExecutor.java:158) ~[selenium-remote-driver-4.8.2.jar:?]
	at org.openqa.selenium.remote.RemoteWebDriver.execute(RemoteWebDriver.java:543) ~[selenium-remote-driver-4.8.2.jar:?]
	at org.openqa.selenium.remote.ElementLocation$ElementFinder$2.findElement(ElementLocation.java:162) ~[selenium-remote-driver-4.8.2.jar:?]
	at org.openqa.selenium.remote.ElementLocation.findElement(ElementLocation.java:60) ~[selenium-remote-driver-4.8.2.jar:?]
	at org.openqa.selenium.remote.RemoteWebDriver.findElement(RemoteWebDriver.java:352) ~[selenium-remote-driver-4.8.2.jar:?]
	at org.openqa.selenium.remote.RemoteWebDriver.findElement(RemoteWebDriver.java:344) ~[selenium-remote-driver-4.8.2.jar:?]
	at org.openqa.selenium.support.ui.ExpectedConditions$6.apply(ExpectedConditions.java:174) ~[selenium-support-4.8.2.jar:?]
	at org.openqa.selenium.support.ui.ExpectedConditions$6.apply(ExpectedConditions.java:171) ~[selenium-support-4.8.2.jar:?]
	at org.openqa.selenium.support.ui.FluentWait.until(FluentWait.java:208) ~[selenium-support-4.8.2.jar:?]
	at com.appiancorp.ps.automatedtest.tempo.interfaces.TempoButton.waitFor(TempoButton.java:70) [appian-selenium-api-23.2.1.jar:?]
	at com.appiancorp.ps.automatedtest.fixture.TempoFixture.clickOnButton(TempoFixture.java:2449) [appian-selenium-api-23.2.1.jar:?]
	at sun.reflect.NativeMethodAccessorImpl.invoke0(Native Method) ~[?:1.8.0_202]
	at sun.reflect.NativeMethodAccessorImpl.invoke(NativeMethodAccessorImpl.java:62) ~[?:1.8.0_202]
	at sun.reflect.DelegatingMethodAccessorImpl.invoke(DelegatingMethodAccessorImpl.java:43) ~[?:1.8.0_202]
	at java.lang.reflect.Method.invoke(Method.java:498) ~[?:1.8.0_202]
	at fitnesse.slim.fixtureInteraction.SimpleInteraction.methodInvoke(SimpleInteraction.java:322) [fitnesse-20221219-standalone.jar:20221219]
	at fitnesse.slim.fixtureInteraction.SimpleInteraction.callMethod(SimpleInteraction.java:307) [fitnesse-20221219-standalone.jar:20221219]
	at fitnesse.slim.fixtureInteraction.SimpleInteraction.invokeMethod(SimpleInteraction.java:290) [fitnesse-20221219-standalone.jar:20221219]
	at fitnesse.slim.fixtureInteraction.SimpleInteraction.findAndInvoke(SimpleInteraction.java:217) [fitnesse-20221219-standalone.jar:20221219]
	at fitnesse.slim.MethodExecutor.findAndInvoke(MethodExecutor.java:18) [fitnesse-20221219-standalone.jar:20221219]
	at fitnesse.slim.FixtureMethodExecutor.execute(FixtureMethodExecutor.java:18) [fitnesse-20221219-standalone.jar:20221219]
	at fitnesse.slim.StatementExecutor.getMethodExecutionResult(StatementExecutor.java:139) [fitnesse-20221219-standalone.jar:20221219]
	at fitnesse.slim.StatementExecutor.call(StatementExecutor.java:112) [fitnesse-20221219-standalone.jar:20221219]
	at fitnesse.slim.instructions.CallAndOptionalAssignInstruction.executeInternal(CallAndOptionalAssignInstruction.java:30) [fitnesse-20221219-standalone.jar:20221219]
	at fitnesse.slim.instructions.Instruction.execute(Instruction.java:29) [fitnesse-20221219-standalone.jar:20221219]
	at fitnesse.slim.ListExecutor$Executive.executeStatement(ListExecutor.java:49) [fitnesse-20221219-standalone.jar:20221219]
	at fitnesse.slim.ListExecutor$Executive.executeStatements(ListExecutor.java:43) [fitnesse-20221219-standalone.jar:20221219]
	at fitnesse.slim.ListExecutor.execute(ListExecutor.java:85) [fitnesse-20221219-standalone.jar:20221219]
	at fitnesse.slim.SlimServer.executeInstructions(SlimServer.java:84) [fitnesse-20221219-standalone.jar:20221219]
	at fitnesse.slim.SlimServer.processOneSetOfInstructions(SlimServer.java:77) [fitnesse-20221219-standalone.jar:20221219]
	at fitnesse.slim.SlimServer.tryProcessInstructions(SlimServer.java:64) [fitnesse-20221219-standalone.jar:20221219]
	at fitnesse.slim.SlimServer.serve(SlimServer.java:49) [fitnesse-20221219-standalone.jar:20221219]
	at fitnesse.slim.SlimService.handle(SlimService.java:169) [fitnesse-20221219-standalone.jar:20221219]
	at fitnesse.slim.SlimService.acceptOne(SlimService.java:177) [fitnesse-20221219-standalone.jar:20221219]
	at fitnesse.slim.SlimService.accept(SlimService.java:139) [fitnesse-20221219-standalone.jar:20221219]
	at fitnesse.slim.SlimService.startWithFactory(SlimService.java:92) [fitnesse-20221219-standalone.jar:20221219]
	at fitnesse.slim.SlimService.main(SlimService.java:57) [fitnesse-20221219-standalone.jar:20221219]

12:20:55.809 [main] ERROR com.appiancorp.ps.automatedtest.exception.ExceptionBuilder - Wait for Field - Client Name
org.openqa.selenium.UnhandledAlertException: unexpected alert open: {Alert text : }
  (Session info: chrome=114.0.5735.199): {Alert text : 
Build info: version: '4.8.2', revision: '826dbfc730'
System info: os.name: 'Windows 10', os.arch: 'amd64', os.version: '10.0', java.version: '1.8.0_202'
Driver info: org.openqa.selenium.chrome.ChromeDriver
Command: [0fc465a5ce1c7edf94c67f2d3f06cf15, findElement {using=xpath, value=//*[(self::label or self::span) and contains(@class, 'FieldLayout---field_label') and starts-with(translate(text(),'ABCDEFGHIJKLMNOPQRSTUVWXYZ','abcdefghijklmnopqrstuvwxyz'),'client name')]/parent::div/parent::div}]
Capabilities {acceptInsecureCerts: false, browserName: chrome, browserVersion: 114.0.5735.199, chrome: {chromedriverVersion: 114.0.5735.90 (386bc09e8f4f..., userDataDir: C:\Users\u429558\AppData\Lo...}, goog:chromeOptions: {debuggerAddress: localhost:56704}, networkConnectionEnabled: false, pageLoadStrategy: normal, platformName: WINDOWS, proxy: Proxy(), se:cdp: ws://localhost:56704/devtoo..., se:cdpVersion: 114.0.5735.199, setWindowRect: true, strictFileInteractability: false, timeouts: {implicit: 0, pageLoad: 300000, script: 30000}, unhandledPromptBehavior: dismiss and notify, webauthn:extension:credBlob: true, webauthn:extension:largeBlob: true, webauthn:extension:minPinLength: true, webauthn:extension:prf: true, webauthn:virtualAuthenticators: true}
Session ID: 0fc465a5ce1c7edf94c67f2d3f06cf15
	at org.openqa.selenium.remote.codec.w3c.W3CHttpResponseCodec.decode(W3CHttpResponseCodec.java:131) ~[selenium-remote-driver-4.8.2.jar:?]
	at org.openqa.selenium.remote.codec.w3c.W3CHttpResponseCodec.decode(W3CHttpResponseCodec.java:53) ~[selenium-remote-driver-4.8.2.jar:?]
	at org.openqa.selenium.remote.HttpCommandExecutor.execute(HttpCommandExecutor.java:193) ~[selenium-remote-driver-4.8.2.jar:?]
	at org.openqa.selenium.remote.service.DriverCommandExecutor.invokeExecute(DriverCommandExecutor.java:183) ~[selenium-remote-driver-4.8.2.jar:?]
	at org.openqa.selenium.remote.service.DriverCommandExecutor.execute(DriverCommandExecutor.java:158) ~[selenium-remote-driver-4.8.2.jar:?]
	at org.openqa.selenium.remote.RemoteWebDriver.execute(RemoteWebDriver.java:543) ~[selenium-remote-driver-4.8.2.jar:?]
	at org.openqa.selenium.remote.ElementLocation$ElementFinder$2.findElement(ElementLocation.java:162) ~[selenium-remote-driver-4.8.2.jar:?]
	at org.openqa.selenium.remote.ElementLocation.findElement(ElementLocation.java:60) ~[selenium-remote-driver-4.8.2.jar:?]
	at org.openqa.selenium.remote.RemoteWebDriver.findElement(RemoteWebDriver.java:352) ~[selenium-remote-driver-4.8.2.jar:?]
	at org.openqa.selenium.remote.RemoteWebDriver.findElement(RemoteWebDriver.java:344) ~[selenium-remote-driver-4.8.2.jar:?]
	at org.openqa.selenium.support.ui.ExpectedConditions$7.apply(ExpectedConditions.java:197) ~[selenium-support-4.8.2.jar:?]
	at org.openqa.selenium.support.ui.ExpectedConditions$7.apply(ExpectedConditions.java:193) ~[selenium-support-4.8.2.jar:?]
	at org.openqa.selenium.support.ui.FluentWait.until(FluentWait.java:208) ~[selenium-support-4.8.2.jar:?]
	at com.appiancorp.ps.automatedtest.tempo.interfaces.AbstractTempoField.waitFor(AbstractTempoField.java:74) [appian-selenium-api-23.2.1.jar:?]
	at com.appiancorp.ps.automatedtest.fixture.TempoFixture.populateFieldWith(TempoFixture.java:1179) [appian-selenium-api-23.2.1.jar:?]
	at sun.reflect.NativeMethodAccessorImpl.invoke0(Native Method) ~[?:1.8.0_202]
	at sun.reflect.NativeMethodAccessorImpl.invoke(NativeMethodAccessorImpl.java:62) ~[?:1.8.0_202]
	at sun.reflect.DelegatingMethodAccessorImpl.invoke(DelegatingMethodAccessorImpl.java:43) ~[?:1.8.0_202]
	at java.lang.reflect.Method.invoke(Method.java:498) ~[?:1.8.0_202]
	at fitnesse.slim.fixtureInteraction.SimpleInteraction.methodInvoke(SimpleInteraction.java:322) [fitnesse-20221219-standalone.jar:20221219]
	at fitnesse.slim.fixtureInteraction.SimpleInteraction.callMethod(SimpleInteraction.java:307) [fitnesse-20221219-standalone.jar:20221219]
	at fitnesse.slim.fixtureInteraction.SimpleInteraction.invokeMethod(SimpleInteraction.java:290) [fitnesse-20221219-standalone.jar:20221219]
	at fitnesse.slim.fixtureInteraction.SimpleInteraction.findAndInvoke(SimpleInteraction.java:217) [fitnesse-20221219-standalone.jar:20221219]
	at fitnesse.slim.MethodExecutor.findAndInvoke(MethodExecutor.java:18) [fitnesse-20221219-standalone.jar:20221219]
	at fitnesse.slim.FixtureMethodExecutor.execute(FixtureMethodExecutor.java:18) [fitnesse-20221219-standalone.jar:20221219]
	at fitnesse.slim.StatementExecutor.getMethodExecutionResult(StatementExecutor.java:139) [fitnesse-20221219-standalone.jar:20221219]
	at fitnesse.slim.StatementExecutor.call(StatementExecutor.java:112) [fitnesse-20221219-standalone.jar:20221219]
	at fitnesse.slim.instructions.CallAndOptionalAssignInstruction.executeInternal(CallAndOptionalAssignInstruction.java:30) [fitnesse-20221219-standalone.jar:20221219]
	at fitnesse.slim.instructions.Instruction.execute(Instruction.java:29) [fitnesse-20221219-standalone.jar:20221219]
	at fitnesse.slim.ListExecutor$Executive.executeStatement(ListExecutor.java:49) [fitnesse-20221219-standalone.jar:20221219]
	at fitnesse.slim.ListExecutor$Executive.executeStatements(ListExecutor.java:43) [fitnesse-20221219-standalone.jar:20221219]
	at fitnesse.slim.ListExecutor.execute(ListExecutor.java:85) [fitnesse-20221219-standalone.jar:20221219]
	at fitnesse.slim.SlimServer.executeInstructions(SlimServer.java:84) [fitnesse-20221219-standalone.jar:20221219]
	at fitnesse.slim.SlimServer.processOneSetOfInstructions(SlimServer.java:77) [fitnesse-20221219-standalone.jar:20221219]
	at fitnesse.slim.SlimServer.tryProcessInstructions(SlimServer.java:64) [fitnesse-20221219-standalone.jar:20221219]
	at fitnesse.slim.SlimServer.serve(SlimServer.java:49) [fitnesse-20221219-standalone.jar:20221219]
	at fitnesse.slim.SlimService.handle(SlimService.java:169) [fitnesse-20221219-standalone.jar:20221219]
	at fitnesse.slim.SlimService.acceptOne(SlimService.java:177) [fitnesse-20221219-standalone.jar:20221219]
	at fitnesse.slim.SlimService.accept(SlimService.java:139) [fitnesse-20221219-standalone.jar:20221219]
	at fitnesse.slim.SlimService.startWithFactory(SlimService.java:92) [fitnesse-20221219-standalone.jar:20221219]
	at fitnesse.slim.SlimService.main(SlimService.java:57) [fitnesse-20221219-standalone.jar:20221219]

12:20:56.932 [main] ERROR com.appiancorp.ps.automatedtest.exception.ExceptionBuilder - Wait for Field - Legal Entity Identifier
org.openqa.selenium.UnhandledAlertException: unexpected alert open: {Alert text : }
  (Session info: chrome=114.0.5735.199): {Alert text : 
Build info: version: '4.8.2', revision: '826dbfc730'
System info: os.name: 'Windows 10', os.arch: 'amd64', os.version: '10.0', java.version: '1.8.0_202'
Driver info: org.openqa.selenium.chrome.ChromeDriver
Command: [0fc465a5ce1c7edf94c67f2d3f06cf15, findElement {using=xpath, value=//*[(self::label or self::span) and contains(@class, 'FieldLayout---field_label') and starts-with(translate(text(),'ABCDEFGHIJKLMNOPQRSTUVWXYZ','abcdefghijklmnopqrstuvwxyz'),'legal entity identifier')]/parent::div/parent::div}]
Capabilities {acceptInsecureCerts: false, browserName: chrome, browserVersion: 114.0.5735.199, chrome: {chromedriverVersion: 114.0.5735.90 (386bc09e8f4f..., userDataDir: C:\Users\u429558\AppData\Lo...}, goog:chromeOptions: {debuggerAddress: localhost:56704}, networkConnectionEnabled: false, pageLoadStrategy: normal, platformName: WINDOWS, proxy: Proxy(), se:cdp: ws://localhost:56704/devtoo..., se:cdpVersion: 114.0.5735.199, setWindowRect: true, strictFileInteractability: false, timeouts: {implicit: 0, pageLoad: 300000, script: 30000}, unhandledPromptBehavior: dismiss and notify, webauthn:extension:credBlob: true, webauthn:extension:largeBlob: true, webauthn:extension:minPinLength: true, webauthn:extension:prf: true, webauthn:virtualAuthenticators: true}
Session ID: 0fc465a5ce1c7edf94c67f2d3f06cf15
	at org.openqa.selenium.remote.codec.w3c.W3CHttpResponseCodec.decode(W3CHttpResponseCodec.java:131) ~[selenium-remote-driver-4.8.2.jar:?]
	at org.openqa.selenium.remote.codec.w3c.W3CHttpResponseCodec.decode(W3CHttpResponseCodec.java:53) ~[selenium-remote-driver-4.8.2.jar:?]
	at org.openqa.selenium.remote.HttpCommandExecutor.execute(HttpCommandExecutor.java:193) ~[selenium-remote-driver-4.8.2.jar:?]
	at org.openqa.selenium.remote.service.DriverCommandExecutor.invokeExecute(DriverCommandExecutor.java:183) ~[selenium-remote-driver-4.8.2.jar:?]
	at org.openqa.selenium.remote.service.DriverCommandExecutor.execute(DriverCommandExecutor.java:158) ~[selenium-remote-driver-4.8.2.jar:?]
	at org.openqa.selenium.remote.RemoteWebDriver.execute(RemoteWebDriver.java:543) ~[selenium-remote-driver-4.8.2.jar:?]
	at org.openqa.selenium.remote.ElementLocation$ElementFinder$2.findElement(ElementLocation.java:162) ~[selenium-remote-driver-4.8.2.jar:?]
	at org.openqa.selenium.remote.ElementLocation.findElement(ElementLocation.java:60) ~[selenium-remote-driver-4.8.2.jar:?]
	at org.openqa.selenium.remote.RemoteWebDriver.findElement(RemoteWebDriver.java:352) ~[selenium-remote-driver-4.8.2.jar:?]
	at org.openqa.selenium.remote.RemoteWebDriver.findElement(RemoteWebDriver.java:344) ~[selenium-remote-driver-4.8.2.jar:?]
	at org.openqa.selenium.support.ui.ExpectedConditions$7.apply(ExpectedConditions.java:197) ~[selenium-support-4.8.2.jar:?]
	at org.openqa.selenium.support.ui.ExpectedConditions$7.apply(ExpectedConditions.java:193) ~[selenium-support-4.8.2.jar:?]
	at org.openqa.selenium.support.ui.FluentWait.until(FluentWait.java:208) ~[selenium-support-4.8.2.jar:?]
	at com.appiancorp.ps.automatedtest.tempo.interfaces.AbstractTempoField.waitFor(AbstractTempoField.java:74) [appian-selenium-api-23.2.1.jar:?]
	at com.appiancorp.ps.automatedtest.fixture.TempoFixture.populateFieldWith(TempoFixture.java:1179) [appian-selenium-api-23.2.1.jar:?]
	at sun.reflect.NativeMethodAccessorImpl.invoke0(Native Method) ~[?:1.8.0_202]
	at sun.reflect.NativeMethodAccessorImpl.invoke(NativeMethodAccessorImpl.java:62) ~[?:1.8.0_202]
	at sun.reflect.DelegatingMethodAccessorImpl.invoke(DelegatingMethodAccessorImpl.java:43) ~[?:1.8.0_202]
	at java.lang.reflect.Method.invoke(Method.java:498) ~[?:1.8.0_202]
	at fitnesse.slim.fixtureInteraction.SimpleInteraction.methodInvoke(SimpleInteraction.java:322) [fitnesse-20221219-standalone.jar:20221219]
	at fitnesse.slim.fixtureInteraction.SimpleInteraction.callMethod(SimpleInteraction.java:307) [fitnesse-20221219-standalone.jar:20221219]
	at fitnesse.slim.fixtureInteraction.SimpleInteraction.invokeMethod(SimpleInteraction.java:290) [fitnesse-20221219-standalone.jar:20221219]
	at fitnesse.slim.fixtureInteraction.SimpleInteraction.findAndInvoke(SimpleInteraction.java:217) [fitnesse-20221219-standalone.jar:20221219]
	at fitnesse.slim.MethodExecutor.findAndInvoke(MethodExecutor.java:18) [fitnesse-20221219-standalone.jar:20221219]
	at fitnesse.slim.FixtureMethodExecutor.execute(FixtureMethodExecutor.java:18) [fitnesse-20221219-standalone.jar:20221219]
	at fitnesse.slim.StatementExecutor.getMethodExecutionResult(StatementExecutor.java:139) [fitnesse-20221219-standalone.jar:20221219]
	at fitnesse.slim.StatementExecutor.call(StatementExecutor.java:112) [fitnesse-20221219-standalone.jar:20221219]
	at fitnesse.slim.instructions.CallAndOptionalAssignInstruction.executeInternal(CallAndOptionalAssignInstruction.java:30) [fitnesse-20221219-standalone.jar:20221219]
	at fitnesse.slim.instructions.Instruction.execute(Instruction.java:29) [fitnesse-20221219-standalone.jar:20221219]
	at fitnesse.slim.ListExecutor$Executive.executeStatement(ListExecutor.java:49) [fitnesse-20221219-standalone.jar:20221219]
	at fitnesse.slim.ListExecutor$Executive.executeStatements(ListExecutor.java:43) [fitnesse-20221219-standalone.jar:20221219]
	at fitnesse.slim.ListExecutor.execute(ListExecutor.java:85) [fitnesse-20221219-standalone.jar:20221219]
	at fitnesse.slim.SlimServer.executeInstructions(SlimServer.java:84) [fitnesse-20221219-standalone.jar:20221219]
	at fitnesse.slim.SlimServer.processOneSetOfInstructions(SlimServer.java:77) [fitnesse-20221219-standalone.jar:20221219]
	at fitnesse.slim.SlimServer.tryProcessInstructions(SlimServer.java:64) [fitnesse-20221219-standalone.jar:20221219]
	at fitnesse.slim.SlimServer.serve(SlimServer.java:49) [fitnesse-20221219-standalone.jar:20221219]
	at fitnesse.slim.SlimService.handle(SlimService.java:169) [fitnesse-20221219-standalone.jar:20221219]
	at fitnesse.slim.SlimService.acceptOne(SlimService.java:177) [fitnesse-20221219-standalone.jar:20221219]
	at fitnesse.slim.SlimService.accept(SlimService.java:139) [fitnesse-20221219-standalone.jar:20221219]
	at fitnesse.slim.SlimService.startWithFactory(SlimService.java:92) [fitnesse-20221219-standalone.jar:20221219]
	at fitnesse.slim.SlimService.main(SlimService.java:57) [fitnesse-20221219-standalone.jar:20221219]

</stdOut>
    <stdErr>ERROR StatusLogger Reconfiguration failed: No configuration found for '1d44bcfa' at 'null' in 'null'
SLF4J: Class path contains multiple SLF4J bindings.
SLF4J: Found binding in [jar:file:/C:/FitNesse/lib/fitnesse-20221219-standalone.jar!/org/slf4j/impl/StaticLoggerBinder.class]
SLF4J: Found binding in [jar:file:/C:/FitNesse/lib/slf4j-jdk14-1.7.36.jar!/org/slf4j/impl/StaticLoggerBinder.class]
SLF4J: See http://www.slf4j.org/codes.html#multiple_bindings for an explanation.
SLF4J: Actual binding is of type [org.slf4j.impl.JDK14LoggerFactory]
ChromeDriver was started successfully.

Jul 14, 2023 12:20:00 PM org.openqa.selenium.devtools.CdpVersionFinder findNearestMatch
WARNING: Unable to find an exact match for CDP version 114, so returning the closest version found: 111

org.openqa.selenium.ElementClickInterceptedException: element click intercepted: Element &lt;a tabindex="0" aria-current="page" data-testid="navigationMenuTab-link" class="VirtualNavigationMenuTab_MERCURY---nav_tab_clickable_container elements---global_a" href="https://appiancoe.vuram.com/suite/sites/a-legal-entity-onboarding/page/legal-entities"&gt;...&lt;/a&gt; is not clickable at point (206, 30). Other element would receive the click: &lt;div class="ModalDialogManager---modal_backdrop"&gt;&lt;/div&gt;
  (Session info: chrome=114.0.5735.199)
Build info: version: '4.8.2', revision: '826dbfc730'
System info: os.name: 'Windows 10', os.arch: 'amd64', os.version: '10.0', java.version: '1.8.0_202'
Driver info: org.openqa.selenium.chrome.ChromeDriver
Command: [0fc465a5ce1c7edf94c67f2d3f06cf15, clickElement {id=AEBADE79B67A044764568DE6B0AE6016_element_45}]
Capabilities {acceptInsecureCerts: false, browserName: chrome, browserVersion: 114.0.5735.199, chrome: {chromedriverVersion: 114.0.5735.90 (386bc09e8f4f..., userDataDir: C:\Users\u429558\AppData\Lo...}, goog:chromeOptions: {debuggerAddress: localhost:56704}, networkConnectionEnabled: false, pageLoadStrategy: normal, platformName: WINDOWS, proxy: Proxy(), se:cdp: ws://localhost:56704/devtoo..., se:cdpVersion: 114.0.5735.199, setWindowRect: true, strictFileInteractability: false, timeouts: {implicit: 0, pageLoad: 300000, script: 30000}, unhandledPromptBehavior: dismiss and notify, webauthn:extension:credBlob: true, webauthn:extension:largeBlob: true, webauthn:extension:minPinLength: true, webauthn:extension:prf: true, webauthn:virtualAuthenticators: true}
Element: [[ChromeDriver: chrome on WINDOWS (0fc465a5ce1c7edf94c67f2d3f06cf15)] -&gt; xpath: //li[contains(translate(@title,'ABCDEFGHIJKLMNOPQRSTUVWXYZ','abcdefghijklmnopqrstuvwxyz'), 'records') and ancestor::nav[not(contains(@class, 'hidden'))]]/descendant::a]
Session ID: 0fc465a5ce1c7edf94c67f2d3f06cf15
	at sun.reflect.NativeConstructorAccessorImpl.newInstance0(Native Method)
	at sun.reflect.NativeConstructorAccessorImpl.newInstance(NativeConstructorAccessorImpl.java:62)
	at sun.reflect.DelegatingConstructorAccessorImpl.newInstance(DelegatingConstructorAccessorImpl.java:45)
	at java.lang.reflect.Constructor.newInstance(Constructor.java:423)
	at org.openqa.selenium.remote.codec.w3c.W3CHttpResponseCodec.createException(W3CHttpResponseCodec.java:200)
	at org.openqa.selenium.remote.codec.w3c.W3CHttpResponseCodec.decode(W3CHttpResponseCodec.java:133)
	at org.openqa.selenium.remote.codec.w3c.W3CHttpResponseCodec.decode(W3CHttpResponseCodec.java:53)
	at org.openqa.selenium.remote.HttpCommandExecutor.execute(HttpCommandExecutor.java:193)
	at org.openqa.selenium.remote.service.DriverCommandExecutor.invokeExecute(DriverCommandExecutor.java:183)
	at org.openqa.selenium.remote.service.DriverCommandExecutor.execute(DriverCommandExecutor.java:158)
	at org.openqa.selenium.remote.RemoteWebDriver.execute(RemoteWebDriver.java:543)
	at org.openqa.selenium.remote.RemoteWebElement.execute(RemoteWebElement.java:257)
	at org.openqa.selenium.remote.RemoteWebElement.click(RemoteWebElement.java:78)
	at com.appiancorp.ps.automatedtest.common.AppianObject.clickElement(AppianObject.java:367)
	at com.appiancorp.ps.automatedtest.common.AppianObject.clickElement(AppianObject.java:362)
	at com.appiancorp.ps.automatedtest.site.SitePage.click(SitePage.java:54)
	at com.appiancorp.ps.automatedtest.fixture.SitesFixture.clickOnSitePage(SitesFixture.java:50)
	at sun.reflect.NativeMethodAccessorImpl.invoke0(Native Method)
	at sun.reflect.NativeMethodAccessorImpl.invoke(NativeMethodAccessorImpl.java:62)
	at sun.reflect.DelegatingMethodAccessorImpl.invoke(DelegatingMethodAccessorImpl.java:43)
	at java.lang.reflect.Method.invoke(Method.java:498)
	at fitnesse.slim.fixtureInteraction.SimpleInteraction.methodInvoke(SimpleInteraction.java:322)
	at fitnesse.slim.fixtureInteraction.SimpleInteraction.callMethod(SimpleInteraction.java:307)
	at fitnesse.slim.fixtureInteraction.SimpleInteraction.invokeMethod(SimpleInteraction.java:290)
	at fitnesse.slim.fixtureInteraction.SimpleInteraction.findAndInvoke(SimpleInteraction.java:217)
	at fitnesse.slim.MethodExecutor.findAndInvoke(MethodExecutor.java:18)
	at fitnesse.slim.FixtureMethodExecutor.execute(FixtureMethodExecutor.java:18)
	at fitnesse.slim.StatementExecutor.getMethodExecutionResult(StatementExecutor.java:139)
	at fitnesse.slim.StatementExecutor.call(StatementExecutor.java:112)
	at fitnesse.slim.instructions.CallAndOptionalAssignInstruction.executeInternal(CallAndOptionalAssignInstruction.java:30)
	at fitnesse.slim.instructions.Instruction.execute(Instruction.java:29)
	at fitnesse.slim.ListExecutor$Executive.executeStatement(ListExecutor.java:49)
	at fitnesse.slim.ListExecutor$Executive.executeStatements(ListExecutor.java:43)
	at fitnesse.slim.ListExecutor.execute(ListExecutor.java:85)
	at fitnesse.slim.SlimServer.executeInstructions(SlimServer.java:84)
	at fitnesse.slim.SlimServer.processOneSetOfInstructions(SlimServer.java:77)
	at fitnesse.slim.SlimServer.tryProcessInstructions(SlimServer.java:64)
	at fitnesse.slim.SlimServer.serve(SlimServer.java:49)
	at fitnesse.slim.SlimService.handle(SlimService.java:169)
	at fitnesse.slim.SlimService.acceptOne(SlimService.java:177)
	at fitnesse.slim.SlimService.accept(SlimService.java:139)
	at fitnesse.slim.SlimService.startWithFactory(SlimService.java:92)
	at fitnesse.slim.SlimService.main(SlimService.java:57)
org.openqa.selenium.ElementClickInterceptedException: element click intercepted: Element &lt;button type="button" class="Button---btn Button---default_direction Button---primary Button---small appian-context-first-in-list appian-context-last-in-list Button---inSideBySide Button---icon_start"&gt;...&lt;/button&gt; is not clickable at point (164, 94). Other element would receive the click: &lt;h1 class="TitleText---page_header"&gt;...&lt;/h1&gt;
  (Session info: chrome=114.0.5735.199)
Build info: version: '4.8.2', revision: '826dbfc730'
System info: os.name: 'Windows 10', os.arch: 'amd64', os.version: '10.0', java.version: '1.8.0_202'
Driver info: org.openqa.selenium.chrome.ChromeDriver
Command: [0fc465a5ce1c7edf94c67f2d3f06cf15, clickElement {id=AEBADE79B67A044764568DE6B0AE6016_element_54}]
Capabilities {acceptInsecureCerts: false, browserName: chrome, browserVersion: 114.0.5735.199, chrome: {chromedriverVersion: 114.0.5735.90 (386bc09e8f4f..., userDataDir: C:\Users\u429558\AppData\Lo...}, goog:chromeOptions: {debuggerAddress: localhost:56704}, networkConnectionEnabled: false, pageLoadStrategy: normal, platformName: WINDOWS, proxy: Proxy(), se:cdp: ws://localhost:56704/devtoo..., se:cdpVersion: 114.0.5735.199, setWindowRect: true, strictFileInteractability: false, timeouts: {implicit: 0, pageLoad: 300000, script: 30000}, unhandledPromptBehavior: dismiss and notify, webauthn:extension:credBlob: true, webauthn:extension:largeBlob: true, webauthn:extension:minPinLength: true, webauthn:extension:prf: true, webauthn:virtualAuthenticators: true}
Element: [[ChromeDriver: chrome on WINDOWS (0fc465a5ce1c7edf94c67f2d3f06cf15)] -&gt; xpath: //button[descendant::span[descendant::span[contains(translate(text(),'ABCDEFGHIJKLMNOPQRSTUVWXYZ','abcdefghijklmnopqrstuvwxyz'),'initiate legal entity onboarding')]] and not(contains(@class, 'button-disabled'))]]
Session ID: 0fc465a5ce1c7edf94c67f2d3f06cf15
	at sun.reflect.NativeConstructorAccessorImpl.newInstance0(Native Method)
	at sun.reflect.NativeConstructorAccessorImpl.newInstance(NativeConstructorAccessorImpl.java:62)
	at sun.reflect.DelegatingConstructorAccessorImpl.newInstance(DelegatingConstructorAccessorImpl.java:45)
	at java.lang.reflect.Constructor.newInstance(Constructor.java:423)
	at org.openqa.selenium.remote.codec.w3c.W3CHttpResponseCodec.createException(W3CHttpResponseCodec.java:200)
	at org.openqa.selenium.remote.codec.w3c.W3CHttpResponseCodec.decode(W3CHttpResponseCodec.java:133)
	at org.openqa.selenium.remote.codec.w3c.W3CHttpResponseCodec.decode(W3CHttpResponseCodec.java:53)
	at org.openqa.selenium.remote.HttpCommandExecutor.execute(HttpCommandExecutor.java:193)
	at org.openqa.selenium.remote.service.DriverCommandExecutor.invokeExecute(DriverCommandExecutor.java:183)
	at org.openqa.selenium.remote.service.DriverCommandExecutor.execute(DriverCommandExecutor.java:158)
	at org.openqa.selenium.remote.RemoteWebDriver.execute(RemoteWebDriver.java:543)
	at org.openqa.selenium.remote.RemoteWebElement.execute(RemoteWebElement.java:257)
	at org.openqa.selenium.remote.RemoteWebElement.click(RemoteWebElement.java:78)
	at com.appiancorp.ps.automatedtest.common.AppianObject.clickElement(AppianObject.java:367)
	at com.appiancorp.ps.automatedtest.tempo.interfaces.TempoButton.click(TempoButton.java:109)
	at com.appiancorp.ps.automatedtest.fixture.TempoFixture.clickOnButton(TempoFixture.java:2450)
	at sun.reflect.NativeMethodAccessorImpl.invoke0(Native Method)
	at sun.reflect.NativeMethodAccessorImpl.invoke(NativeMethodAccessorImpl.java:62)
	at sun.reflect.DelegatingMethodAccessorImpl.invoke(DelegatingMethodAccessorImpl.java:43)
	at java.lang.reflect.Method.invoke(Method.java:498)
	at fitnesse.slim.fixtureInteraction.SimpleInteraction.methodInvoke(SimpleInteraction.java:322)
	at fitnesse.slim.fixtureInteraction.SimpleInteraction.callMethod(SimpleInteraction.java:307)
	at fitnesse.slim.fixtureInteraction.SimpleInteraction.invokeMethod(SimpleInteraction.java:290)
	at fitnesse.slim.fixtureInteraction.SimpleInteraction.findAndInvoke(SimpleInteraction.java:217)
	at fitnesse.slim.MethodExecutor.findAndInvoke(MethodExecutor.java:18)
	at fitnesse.slim.FixtureMethodExecutor.execute(FixtureMethodExecutor.java:18)
	at fitnesse.slim.StatementExecutor.getMethodExecutionResult(StatementExecutor.java:139)
	at fitnesse.slim.StatementExecutor.call(StatementExecutor.java:112)
	at fitnesse.slim.instructions.CallAndOptionalAssignInstruction.executeInternal(CallAndOptionalAssignInstruction.java:30)
	at fitnesse.slim.instructions.Instruction.execute(Instruction.java:29)
	at fitnesse.slim.ListExecutor$Executive.executeStatement(ListExecutor.java:49)
	at fitnesse.slim.ListExecutor$Executive.executeStatements(ListExecutor.java:43)
	at fitnesse.slim.ListExecutor.execute(ListExecutor.java:85)
	at fitnesse.slim.SlimServer.executeInstructions(SlimServer.java:84)
	at fitnesse.slim.SlimServer.processOneSetOfInstructions(SlimServer.java:77)
	at fitnesse.slim.SlimServer.tryProcessInstructions(SlimServer.java:64)
	at fitnesse.slim.SlimServer.serve(SlimServer.java:49)
	at fitnesse.slim.SlimService.handle(SlimService.java:169)
	at fitnesse.slim.SlimService.acceptOne(SlimService.java:177)
	at fitnesse.slim.SlimService.accept(SlimService.java:139)
	at fitnesse.slim.SlimService.startWithFactory(SlimService.java:92)
	at fitnesse.slim.SlimService.main(SlimService.java:57)
org.openqa.selenium.UnhandledAlertException: unexpected alert open: {Alert text : }
  (Session info: chrome=114.0.5735.199): {Alert text : 
Build info: version: '4.8.2', revision: '826dbfc730'
System info: os.name: 'Windows 10', os.arch: 'amd64', os.version: '10.0', java.version: '1.8.0_202'
Driver info: org.openqa.selenium.chrome.ChromeDriver
Command: [0fc465a5ce1c7edf94c67f2d3f06cf15, findElement {using=xpath, value=//button[descendant::span[descendant::span[contains(translate(text(),'ABCDEFGHIJKLMNOPQRSTUVWXYZ','abcdefghijklmnopqrstuvwxyz'),'new')]] and not(contains(@class, 'button-disabled'))]}]
Capabilities {acceptInsecureCerts: false, browserName: chrome, browserVersion: 114.0.5735.199, chrome: {chromedriverVersion: 114.0.5735.90 (386bc09e8f4f..., userDataDir: C:\Users\u429558\AppData\Lo...}, goog:chromeOptions: {debuggerAddress: localhost:56704}, networkConnectionEnabled: false, pageLoadStrategy: normal, platformName: WINDOWS, proxy: Proxy(), se:cdp: ws://localhost:56704/devtoo..., se:cdpVersion: 114.0.5735.199, setWindowRect: true, strictFileInteractability: false, timeouts: {implicit: 0, pageLoad: 300000, script: 30000}, unhandledPromptBehavior: dismiss and notify, webauthn:extension:credBlob: true, webauthn:extension:largeBlob: true, webauthn:extension:minPinLength: true, webauthn:extension:prf: true, webauthn:virtualAuthenticators: true}
Session ID: 0fc465a5ce1c7edf94c67f2d3f06cf15
	at org.openqa.selenium.remote.codec.w3c.W3CHttpResponseCodec.decode(W3CHttpResponseCodec.java:131)
	at org.openqa.selenium.remote.codec.w3c.W3CHttpResponseCodec.decode(W3CHttpResponseCodec.java:53)
	at org.openqa.selenium.remote.HttpCommandExecutor.execute(HttpCommandExecutor.java:193)
	at org.openqa.selenium.remote.service.DriverCommandExecutor.invokeExecute(DriverCommandExecutor.java:183)
	at org.openqa.selenium.remote.service.DriverCommandExecutor.execute(DriverCommandExecutor.java:158)
	at org.openqa.selenium.remote.RemoteWebDriver.execute(RemoteWebDriver.java:543)
	at org.openqa.selenium.remote.ElementLocation$ElementFinder$2.findElement(ElementLocation.java:162)
	at org.openqa.selenium.remote.ElementLocation.findElement(ElementLocation.java:60)
	at org.openqa.selenium.remote.RemoteWebDriver.findElement(RemoteWebDriver.java:352)
	at org.openqa.selenium.remote.RemoteWebDriver.findElement(RemoteWebDriver.java:344)
	at org.openqa.selenium.support.ui.ExpectedConditions$6.apply(ExpectedConditions.java:174)
	at org.openqa.selenium.support.ui.ExpectedConditions$6.apply(ExpectedConditions.java:171)
	at org.openqa.selenium.support.ui.FluentWait.until(FluentWait.java:208)
	at com.appiancorp.ps.automatedtest.tempo.interfaces.TempoButton.waitFor(TempoButton.java:70)
	at com.appiancorp.ps.automatedtest.fixture.TempoFixture.clickOnButton(TempoFixture.java:2449)
	at sun.reflect.NativeMethodAccessorImpl.invoke0(Native Method)
	at sun.reflect.NativeMethodAccessorImpl.invoke(NativeMethodAccessorImpl.java:62)
	at sun.reflect.DelegatingMethodAccessorImpl.invoke(DelegatingMethodAccessorImpl.java:43)
	at java.lang.reflect.Method.invoke(Method.java:498)
	at fitnesse.slim.fixtureInteraction.SimpleInteraction.methodInvoke(SimpleInteraction.java:322)
	at fitnesse.slim.fixtureInteraction.SimpleInteraction.callMethod(SimpleInteraction.java:307)
	at fitnesse.slim.fixtureInteraction.SimpleInteraction.invokeMethod(SimpleInteraction.java:290)
	at fitnesse.slim.fixtureInteraction.SimpleInteraction.findAndInvoke(SimpleInteraction.java:217)
	at fitnesse.slim.MethodExecutor.findAndInvoke(MethodExecutor.java:18)
	at fitnesse.slim.FixtureMethodExecutor.execute(FixtureMethodExecutor.java:18)
	at fitnesse.slim.StatementExecutor.getMethodExecutionResult(StatementExecutor.java:139)
	at fitnesse.slim.StatementExecutor.call(StatementExecutor.java:112)
	at fitnesse.slim.instructions.CallAndOptionalAssignInstruction.executeInternal(CallAndOptionalAssignInstruction.java:30)
	at fitnesse.slim.instructions.Instruction.execute(Instruction.java:29)
	at fitnesse.slim.ListExecutor$Executive.executeStatement(ListExecutor.java:49)
	at fitnesse.slim.ListExecutor$Executive.executeStatements(ListExecutor.java:43)
	at fitnesse.slim.ListExecutor.execute(ListExecutor.java:85)
	at fitnesse.slim.SlimServer.executeInstructions(SlimServer.java:84)
	at fitnesse.slim.SlimServer.processOneSetOfInstructions(SlimServer.java:77)
	at fitnesse.slim.SlimServer.tryProcessInstructions(SlimServer.java:64)
	at fitnesse.slim.SlimServer.serve(SlimServer.java:49)
	at fitnesse.slim.SlimService.handle(SlimService.java:169)
	at fitnesse.slim.SlimService.acceptOne(SlimService.java:177)
	at fitnesse.slim.SlimService.accept(SlimService.java:139)
	at fitnesse.slim.SlimService.startWithFactory(SlimService.java:92)
	at fitnesse.slim.SlimService.main(SlimService.java:57)
org.openqa.selenium.UnhandledAlertException: unexpected alert open: {Alert text : }
  (Session info: chrome=114.0.5735.199): {Alert text : 
Build info: version: '4.8.2', revision: '826dbfc730'
System info: os.name: 'Windows 10', os.arch: 'amd64', os.version: '10.0', java.version: '1.8.0_202'
Driver info: org.openqa.selenium.chrome.ChromeDriver
Command: [0fc465a5ce1c7edf94c67f2d3f06cf15, findElement {using=xpath, value=//*[(self::label or self::span) and contains(@class, 'FieldLayout---field_label') and starts-with(translate(text(),'ABCDEFGHIJKLMNOPQRSTUVWXYZ','abcdefghijklmnopqrstuvwxyz'),'client name')]/parent::div/parent::div}]
Capabilities {acceptInsecureCerts: false, browserName: chrome, browserVersion: 114.0.5735.199, chrome: {chromedriverVersion: 114.0.5735.90 (386bc09e8f4f..., userDataDir: C:\Users\u429558\AppData\Lo...}, goog:chromeOptions: {debuggerAddress: localhost:56704}, networkConnectionEnabled: false, pageLoadStrategy: normal, platformName: WINDOWS, proxy: Proxy(), se:cdp: ws://localhost:56704/devtoo..., se:cdpVersion: 114.0.5735.199, setWindowRect: true, strictFileInteractability: false, timeouts: {implicit: 0, pageLoad: 300000, script: 30000}, unhandledPromptBehavior: dismiss and notify, webauthn:extension:credBlob: true, webauthn:extension:largeBlob: true, webauthn:extension:minPinLength: true, webauthn:extension:prf: true, webauthn:virtualAuthenticators: true}
Session ID: 0fc465a5ce1c7edf94c67f2d3f06cf15
	at org.openqa.selenium.remote.codec.w3c.W3CHttpResponseCodec.decode(W3CHttpResponseCodec.java:131)
	at org.openqa.selenium.remote.codec.w3c.W3CHttpResponseCodec.decode(W3CHttpResponseCodec.java:53)
	at org.openqa.selenium.remote.HttpCommandExecutor.execute(HttpCommandExecutor.java:193)
	at org.openqa.selenium.remote.service.DriverCommandExecutor.invokeExecute(DriverCommandExecutor.java:183)
	at org.openqa.selenium.remote.service.DriverCommandExecutor.execute(DriverCommandExecutor.java:158)
	at org.openqa.selenium.remote.RemoteWebDriver.execute(RemoteWebDriver.java:543)
	at org.openqa.selenium.remote.ElementLocation$ElementFinder$2.findElement(ElementLocation.java:162)
	at org.openqa.selenium.remote.ElementLocation.findElement(ElementLocation.java:60)
	at org.openqa.selenium.remote.RemoteWebDriver.findElement(RemoteWebDriver.java:352)
	at org.openqa.selenium.remote.RemoteWebDriver.findElement(RemoteWebDriver.java:344)
	at org.openqa.selenium.support.ui.ExpectedConditions$7.apply(ExpectedConditions.java:197)
	at org.openqa.selenium.support.ui.ExpectedConditions$7.apply(ExpectedConditions.java:193)
	at org.openqa.selenium.support.ui.FluentWait.until(FluentWait.java:208)
	at com.appiancorp.ps.automatedtest.tempo.interfaces.AbstractTempoField.waitFor(AbstractTempoField.java:74)
	at com.appiancorp.ps.automatedtest.fixture.TempoFixture.populateFieldWith(TempoFixture.java:1179)
	at sun.reflect.NativeMethodAccessorImpl.invoke0(Native Method)
	at sun.reflect.NativeMethodAccessorImpl.invoke(NativeMethodAccessorImpl.java:62)
	at sun.reflect.DelegatingMethodAccessorImpl.invoke(DelegatingMethodAccessorImpl.java:43)
	at java.lang.reflect.Method.invoke(Method.java:498)
	at fitnesse.slim.fixtureInteraction.SimpleInteraction.methodInvoke(SimpleInteraction.java:322)
	at fitnesse.slim.fixtureInteraction.SimpleInteraction.callMethod(SimpleInteraction.java:307)
	at fitnesse.slim.fixtureInteraction.SimpleInteraction.invokeMethod(SimpleInteraction.java:290)
	at fitnesse.slim.fixtureInteraction.SimpleInteraction.findAndInvoke(SimpleInteraction.java:217)
	at fitnesse.slim.MethodExecutor.findAndInvoke(MethodExecutor.java:18)
	at fitnesse.slim.FixtureMethodExecutor.execute(FixtureMethodExecutor.java:18)
	at fitnesse.slim.StatementExecutor.getMethodExecutionResult(StatementExecutor.java:139)
	at fitnesse.slim.StatementExecutor.call(StatementExecutor.java:112)
	at fitnesse.slim.instructions.CallAndOptionalAssignInstruction.executeInternal(CallAndOptionalAssignInstruction.java:30)
	at fitnesse.slim.instructions.Instruction.execute(Instruction.java:29)
	at fitnesse.slim.ListExecutor$Executive.executeStatement(ListExecutor.java:49)
	at fitnesse.slim.ListExecutor$Executive.executeStatements(ListExecutor.java:43)
	at fitnesse.slim.ListExecutor.execute(ListExecutor.java:85)
	at fitnesse.slim.SlimServer.executeInstructions(SlimServer.java:84)
	at fitnesse.slim.SlimServer.processOneSetOfInstructions(SlimServer.java:77)
	at fitnesse.slim.SlimServer.tryProcessInstructions(SlimServer.java:64)
	at fitnesse.slim.SlimServer.serve(SlimServer.java:49)
	at fitnesse.slim.SlimService.handle(SlimService.java:169)
	at fitnesse.slim.SlimService.acceptOne(SlimService.java:177)
	at fitnesse.slim.SlimService.accept(SlimService.java:139)
	at fitnesse.slim.SlimService.startWithFactory(SlimService.java:92)
	at fitnesse.slim.SlimService.main(SlimService.java:57)
org.openqa.selenium.UnhandledAlertException: unexpected alert open: {Alert text : }
  (Session info: chrome=114.0.5735.199): {Alert text : 
Build info: version: '4.8.2', revision: '826dbfc730'
System info: os.name: 'Windows 10', os.arch: 'amd64', os.version: '10.0', java.version: '1.8.0_202'
Driver info: org.openqa.selenium.chrome.ChromeDriver
Command: [0fc465a5ce1c7edf94c67f2d3f06cf15, findElement {using=xpath, value=//*[(self::label or self::span) and contains(@class, 'FieldLayout---field_label') and starts-with(translate(text(),'ABCDEFGHIJKLMNOPQRSTUVWXYZ','abcdefghijklmnopqrstuvwxyz'),'legal entity identifier')]/parent::div/parent::div}]
Capabilities {acceptInsecureCerts: false, browserName: chrome, browserVersion: 114.0.5735.199, chrome: {chromedriverVersion: 114.0.5735.90 (386bc09e8f4f..., userDataDir: C:\Users\u429558\AppData\Lo...}, goog:chromeOptions: {debuggerAddress: localhost:56704}, networkConnectionEnabled: false, pageLoadStrategy: normal, platformName: WINDOWS, proxy: Proxy(), se:cdp: ws://localhost:56704/devtoo..., se:cdpVersion: 114.0.5735.199, setWindowRect: true, strictFileInteractability: false, timeouts: {implicit: 0, pageLoad: 300000, script: 30000}, unhandledPromptBehavior: dismiss and notify, webauthn:extension:credBlob: true, webauthn:extension:largeBlob: true, webauthn:extension:minPinLength: true, webauthn:extension:prf: true, webauthn:virtualAuthenticators: true}
Session ID: 0fc465a5ce1c7edf94c67f2d3f06cf15
	at org.openqa.selenium.remote.codec.w3c.W3CHttpResponseCodec.decode(W3CHttpResponseCodec.java:131)
	at org.openqa.selenium.remote.codec.w3c.W3CHttpResponseCodec.decode(W3CHttpResponseCodec.java:53)
	at org.openqa.selenium.remote.HttpCommandExecutor.execute(HttpCommandExecutor.java:193)
	at org.openqa.selenium.remote.service.DriverCommandExecutor.invokeExecute(DriverCommandExecutor.java:183)
	at org.openqa.selenium.remote.service.DriverCommandExecutor.execute(DriverCommandExecutor.java:158)
	at org.openqa.selenium.remote.RemoteWebDriver.execute(RemoteWebDriver.java:543)
	at org.openqa.selenium.remote.ElementLocation$ElementFinder$2.findElement(ElementLocation.java:162)
	at org.openqa.selenium.remote.ElementLocation.findElement(ElementLocation.java:60)
	at org.openqa.selenium.remote.RemoteWebDriver.findElement(RemoteWebDriver.java:352)
	at org.openqa.selenium.remote.RemoteWebDriver.findElement(RemoteWebDriver.java:344)
	at org.openqa.selenium.support.ui.ExpectedConditions$7.apply(ExpectedConditions.java:197)
	at org.openqa.selenium.support.ui.ExpectedConditions$7.apply(ExpectedConditions.java:193)
	at org.openqa.selenium.support.ui.FluentWait.until(FluentWait.java:208)
	at com.appiancorp.ps.automatedtest.tempo.interfaces.AbstractTempoField.waitFor(AbstractTempoField.java:74)
	at com.appiancorp.ps.automatedtest.fixture.TempoFixture.populateFieldWith(TempoFixture.java:1179)
	at sun.reflect.NativeMethodAccessorImpl.invoke0(Native Method)
	at sun.reflect.NativeMethodAccessorImpl.invoke(NativeMethodAccessorImpl.java:62)
	at sun.reflect.DelegatingMethodAccessorImpl.invoke(DelegatingMethodAccessorImpl.java:43)
	at java.lang.reflect.Method.invoke(Method.java:498)
	at fitnesse.slim.fixtureInteraction.SimpleInteraction.methodInvoke(SimpleInteraction.java:322)
	at fitnesse.slim.fixtureInteraction.SimpleInteraction.callMethod(SimpleInteraction.java:307)
	at fitnesse.slim.fixtureInteraction.SimpleInteraction.invokeMethod(SimpleInteraction.java:290)
	at fitnesse.slim.fixtureInteraction.SimpleInteraction.findAndInvoke(SimpleInteraction.java:217)
	at fitnesse.slim.MethodExecutor.findAndInvoke(MethodExecutor.java:18)
	at fitnesse.slim.FixtureMethodExecutor.execute(FixtureMethodExecutor.java:18)
	at fitnesse.slim.StatementExecutor.getMethodExecutionResult(StatementExecutor.java:139)
	at fitnesse.slim.StatementExecutor.call(StatementExecutor.java:112)
	at fitnesse.slim.instructions.CallAndOptionalAssignInstruction.executeInternal(CallAndOptionalAssignInstruction.java:30)
	at fitnesse.slim.instructions.Instruction.execute(Instruction.java:29)
	at fitnesse.slim.ListExecutor$Executive.executeStatement(ListExecutor.java:49)
	at fitnesse.slim.ListExecutor$Executive.executeStatements(ListExecutor.java:43)
	at fitnesse.slim.ListExecutor.execute(ListExecutor.java:85)
	at fitnesse.slim.SlimServer.executeInstructions(SlimServer.java:84)
	at fitnesse.slim.SlimServer.processOneSetOfInstructions(SlimServer.java:77)
	at fitnesse.slim.SlimServer.tryProcessInstructions(SlimServer.java:64)
	at fitnesse.slim.SlimServer.serve(SlimServer.java:49)
	at fitnesse.slim.SlimService.handle(SlimService.java:169)
	at fitnesse.slim.SlimService.acceptOne(SlimService.java:177)
	at fitnesse.slim.SlimService.accept(SlimService.java:139)
	at fitnesse.slim.SlimService.startWithFactory(SlimService.java:92)
	at fitnesse.slim.SlimService.main(SlimService.java:57)
</stdErr>
    <exception>Could not send/receive data with SUT</exception>
    <exception>fitnesse.testsystems.slim.SlimCommunicationException: Could not send/receive data with SUT</exception>
  </executionLog>
  <finalCounts>
    <right>0</right>
    <wrong>0</wrong>
    <ignores>0</ignores>
    <exceptions>1</exceptions>
  </finalCounts>
  <totalRunTimeInMillis>68069</totalRunTimeInMillis>
</suiteResults>

